  [1m[35m (0.1ms)[0m  [1m[34mSELECT sqlite_version(*)[0m
  [1m[35m (22.9ms)[0m  [1m[35mCREATE TABLE "schema_migrations" ("version" varchar NOT NULL PRIMARY KEY)[0m
  [1m[35m (10.7ms)[0m  [1m[35mCREATE TABLE "ar_internal_metadata" ("key" varchar NOT NULL PRIMARY KEY, "value" varchar, "created_at" datetime NOT NULL, "updated_at" datetime NOT NULL)[0m
  [1m[35m (0.1ms)[0m  [1m[34mSELECT "schema_migrations"."version" FROM "schema_migrations" ORDER BY "schema_migrations"."version" ASC[0m
Migrating to CreateUsers (20171103140552)
  [1m[35m (0.1ms)[0m  [1m[36mbegin transaction[0m
  [1m[35m (0.3ms)[0m  [1m[35mCREATE TABLE "users" ("id" INTEGER PRIMARY KEY AUTOINCREMENT NOT NULL, "name" varchar, "created_at" datetime NOT NULL, "updated_at" datetime NOT NULL)[0m
  [1m[35mSQL (0.2ms)[0m  [1m[32mINSERT INTO "schema_migrations" ("version") VALUES (?)[0m  [["version", "20171103140552"]]
  [1m[35m (16.1ms)[0m  [1m[36mcommit transaction[0m
Migrating to CreateEvents (20171103140810)
  [1m[35m (0.1ms)[0m  [1m[36mbegin transaction[0m
  [1m[35m (0.4ms)[0m  [1m[35mCREATE TABLE "events" ("id" INTEGER PRIMARY KEY AUTOINCREMENT NOT NULL, "description" text, "date" datetime, "place" varchar, "created_at" datetime NOT NULL, "updated_at" datetime NOT NULL)[0m
  [1m[35mSQL (0.2ms)[0m  [1m[32mINSERT INTO "schema_migrations" ("version") VALUES (?)[0m  [["version", "20171103140810"]]
  [1m[35m (16.5ms)[0m  [1m[36mcommit transaction[0m
  [1m[36mActiveRecord::InternalMetadata Load (0.2ms)[0m  [1m[34mSELECT  "ar_internal_metadata".* FROM "ar_internal_metadata" WHERE "ar_internal_metadata"."key" = ? LIMIT ?[0m  [["key", "environment"], ["LIMIT", 1]]
  [1m[35m (0.1ms)[0m  [1m[36mbegin transaction[0m
  [1m[35mSQL (0.3ms)[0m  [1m[32mINSERT INTO "ar_internal_metadata" ("key", "value", "created_at", "updated_at") VALUES (?, ?, ?, ?)[0m  [["key", "environment"], ["value", "development"], ["created_at", "2017-11-03 14:08:42.449862"], ["updated_at", "2017-11-03 14:08:42.449862"]]
  [1m[35m (7.8ms)[0m  [1m[36mcommit transaction[0m
  [1m[35m (0.1ms)[0m  [1m[34mSELECT "schema_migrations"."version" FROM "schema_migrations" ORDER BY "schema_migrations"."version" ASC[0m
Started GET "/" for 127.0.0.1 at 2017-11-03 15:27:01 +0100
  [1m[35m (0.2ms)[0m  [1m[34mSELECT "schema_migrations"."version" FROM "schema_migrations" ORDER BY "schema_migrations"."version" ASC[0m
Processing by Rails::WelcomeController#index as HTML
  Rendering /var/lib/gems/2.3.0/gems/railties-5.1.2/lib/rails/templates/rails/welcome/index.html.erb
  Rendered /var/lib/gems/2.3.0/gems/railties-5.1.2/lib/rails/templates/rails/welcome/index.html.erb (3.3ms)
Completed 200 OK in 15ms (Views: 6.8ms | ActiveRecord: 0.0ms)


Started GET "/users/new" for 127.0.0.1 at 2017-11-03 17:59:59 +0100
Processing by UsersController#new as HTML
  Rendering users/new.html.erb within layouts/application
  Rendered users/new.html.erb within layouts/application (2.2ms)
Completed 500 Internal Server Error in 5ms


  
ActionView::Template::Error (First argument in form cannot contain nil or be empty):
    3: 
    4: <div class="row">
    5:   <div class="col-md-6 col-md-offset-3">
    6:     <%= form_for(@user) do |f| %>
    7: 
    8:       <%= f.label :email %>
    9:       <%= f.email_field :email %>
  
app/views/users/new.html.erb:6:in `_app_views_users_new_html_erb___3619328557322198978_28580840'
Started GET "/users/" for 127.0.0.1 at 2017-11-03 18:04:19 +0100
Processing by UsersController#index as HTML
  Rendering users/index.html.erb within layouts/application
  Rendered users/index.html.erb within layouts/application (0.3ms)
Completed 200 OK in 501ms (Views: 498.8ms)


Started GET "/users/new" for 127.0.0.1 at 2017-11-03 18:04:26 +0100
Processing by UsersController#new as HTML
  Rendering users/new.html.erb within layouts/application
  Rendered users/new.html.erb within layouts/application (17.9ms)
Completed 500 Internal Server Error in 36ms (ActiveRecord: 1.7ms)


  
ActionView::Template::Error (undefined method `email' for #<User id: nil, name: nil, created_at: nil, updated_at: nil>):
     6:     <%= form_for(@user) do |f| %>
     7: 
     8:       <%= f.label :email %>
     9:       <%= f.email_field :email %>
    10: 
    11:       <%= f.label :password %>
    12:       <%= f.password_field :password %>
  
app/views/users/new.html.erb:9:in `block in _app_views_users_new_html_erb___3619328557322198978_70003018368620'
app/views/users/new.html.erb:6:in `_app_views_users_new_html_erb___3619328557322198978_70003018368620'
Started GET "/users/new" for 127.0.0.1 at 2017-11-03 18:09:20 +0100
Processing by UsersController#new as HTML
  Rendering users/new.html.erb within layouts/application
  Rendered users/new.html.erb within layouts/application (1.8ms)
Completed 200 OK in 21ms (Views: 19.9ms | ActiveRecord: 0.0ms)


Started GET "/users/new" for 127.0.0.1 at 2017-11-03 18:12:30 +0100
Processing by UsersController#new as HTML
  Rendering users/new.html.erb within layouts/application
  Rendered users/new.html.erb within layouts/application (111.7ms)
Completed 500 Internal Server Error in 116ms (ActiveRecord: 0.0ms)


  
ActionView::Template::Error (undefined method `name_field' for #<ActionView::Helpers::FormBuilder:0x0000000279f458>
Did you mean?  number_field
               range_field
               time_field
               date_field):
     6:     <%= form_for(@user) do |f| %>
     7: 
     8:       <%= f.label :name %>
     9:       <%= f.name_field :name %>
    10: 
    11:       <%= f.submit "Create my account", class: "btn btn-primary" %>
    12:     <% end %>
  
app/views/users/new.html.erb:9:in `block in _app_views_users_new_html_erb___3619328557322198978_15680920'
app/views/users/new.html.erb:6:in `_app_views_users_new_html_erb___3619328557322198978_15680920'
Started GET "/users/new" for 127.0.0.1 at 2017-11-03 18:12:41 +0100
Processing by UsersController#new as HTML
  Rendering users/new.html.erb within layouts/application
  Rendered users/new.html.erb within layouts/application (1.2ms)
Completed 200 OK in 18ms (Views: 16.8ms | ActiveRecord: 0.0ms)


Started GET "/events/new" for 127.0.0.1 at 2017-11-03 18:32:58 +0100
Processing by EventsController#new as HTML
  Rendering events/new.html.erb within layouts/application
  Rendered events/new.html.erb within layouts/application (1.6ms)
Completed 500 Internal Server Error in 4ms


  
ActionView::Template::Error (First argument in form cannot contain nil or be empty):
    3: 
    4: <div class="row">
    5:   <div class="col-md-6 col-md-offset-3">
    6:     <%= form_for(@user) do |f| %>
    7: 
    8:       <%= f.label :date %>
    9:       <%= f.email_field :date %>
  
app/views/events/new.html.erb:6:in `_app_views_events_new_html_erb__866715199404980436_70003013398340'
Started GET "/events/new" for 127.0.0.1 at 2017-11-03 18:33:14 +0100
Processing by EventsController#new as HTML
  Rendering events/new.html.erb within layouts/application
  Rendered events/new.html.erb within layouts/application (2.0ms)
Completed 500 Internal Server Error in 5ms


  
ActionView::Template::Error (First argument in form cannot contain nil or be empty):
    3: 
    4: <div class="row">
    5:   <div class="col-md-6 col-md-offset-3">
    6:     <%= form_for(@events) do |f| %>
    7: 
    8:       <%= f.label :date %>
    9:       <%= f.email_field :date %>
  
app/views/events/new.html.erb:6:in `_app_views_events_new_html_erb__866715199404980436_70003021503920'
Started GET "/events/new" for 127.0.0.1 at 2017-11-03 18:33:14 +0100
Processing by EventsController#new as HTML
  Rendering events/new.html.erb within layouts/application
  Rendered events/new.html.erb within layouts/application (2.2ms)
Completed 500 Internal Server Error in 6ms


  
ActionView::Template::Error (First argument in form cannot contain nil or be empty):
    3: 
    4: <div class="row">
    5:   <div class="col-md-6 col-md-offset-3">
    6:     <%= form_for(@events) do |f| %>
    7: 
    8:       <%= f.label :date %>
    9:       <%= f.email_field :date %>
  
app/views/events/new.html.erb:6:in `_app_views_events_new_html_erb__866715199404980436_70003013721500'
Started GET "/events/new" for 127.0.0.1 at 2017-11-03 18:33:21 +0100
Processing by EventsController#new as HTML
  Rendering events/new.html.erb within layouts/application
  Rendered events/new.html.erb within layouts/application (1.1ms)
Completed 500 Internal Server Error in 3ms


  
ActionView::Template::Error (First argument in form cannot contain nil or be empty):
    3: 
    4: <div class="row">
    5:   <div class="col-md-6 col-md-offset-3">
    6:     <%= form_for(@event) do |f| %>
    7: 
    8:       <%= f.label :date %>
    9:       <%= f.email_field :date %>
  
app/views/events/new.html.erb:6:in `_app_views_events_new_html_erb__866715199404980436_70003022418440'
Started GET "/events/new" for 127.0.0.1 at 2017-11-03 18:38:45 +0100
Processing by EventsController#new as HTML
  Rendering events/new.html.erb within layouts/application
  Rendered events/new.html.erb within layouts/application (2.9ms)
Completed 200 OK in 38ms (Views: 18.2ms | ActiveRecord: 0.7ms)


Started GET "/events/new" for 127.0.0.1 at 2017-11-03 18:39:25 +0100
Processing by EventsController#new as HTML
  Rendering events/new.html.erb within layouts/application
  Rendered events/new.html.erb within layouts/application (1.3ms)
Completed 500 Internal Server Error in 4ms (ActiveRecord: 0.0ms)


  
ActionView::Template::Error (First argument in form cannot contain nil or be empty):
    3: 
    4: <div class="row">
    5:   <div class="col-md-6 col-md-offset-3">
    6:     <%= form_for(@events) do |f| %>
    7: 
    8:       <%= f.label :date %>
    9:       <%= f.email_field :date %>
  
app/views/events/new.html.erb:6:in `_app_views_events_new_html_erb__866715199404980436_70003034546120'
Started GET "/events/new" for 127.0.0.1 at 2017-11-03 18:39:34 +0100
Processing by EventsController#new as HTML
  Rendering events/new.html.erb within layouts/application
  Rendered events/new.html.erb within layouts/application (2.4ms)
Completed 500 Internal Server Error in 7ms (ActiveRecord: 0.0ms)


  
ActionView::Template::Error (First argument in form cannot contain nil or be empty):
    3: 
    4: <div class="row">
    5:   <div class="col-md-6 col-md-offset-3">
    6:     <%= form_for(@events) do |f| %>
    7: 
    8:       <%= f.label :date %>
    9:       <%= f.email_field :date %>
  
app/views/events/new.html.erb:6:in `_app_views_events_new_html_erb__866715199404980436_70003104266040'
Started GET "/events/new" for 127.0.0.1 at 2017-11-03 18:39:35 +0100
Processing by EventsController#new as HTML
  Rendering events/new.html.erb within layouts/application
  Rendered events/new.html.erb within layouts/application (2.3ms)
Completed 500 Internal Server Error in 6ms (ActiveRecord: 0.0ms)


  
ActionView::Template::Error (First argument in form cannot contain nil or be empty):
    3: 
    4: <div class="row">
    5:   <div class="col-md-6 col-md-offset-3">
    6:     <%= form_for(@events) do |f| %>
    7: 
    8:       <%= f.label :date %>
    9:       <%= f.email_field :date %>
  
app/views/events/new.html.erb:6:in `_app_views_events_new_html_erb__866715199404980436_70003020585940'
Started GET "/events/new" for 127.0.0.1 at 2017-11-03 18:39:45 +0100
Processing by EventsController#new as HTML
  Rendering events/new.html.erb within layouts/application
  Rendered events/new.html.erb within layouts/application (1.2ms)
Completed 500 Internal Server Error in 4ms (ActiveRecord: 0.0ms)


  
ActionView::Template::Error (First argument in form cannot contain nil or be empty):
    3: 
    4: <div class="row">
    5:   <div class="col-md-6 col-md-offset-3">
    6:     <%= form_for(@events) do |f| %>
    7: 
    8:       <%= f.label :date %>
    9:       <%= f.email_field :date %>
  
app/views/events/new.html.erb:6:in `_app_views_events_new_html_erb__866715199404980436_70003014963980'
Started GET "/events/new" for 127.0.0.1 at 2017-11-03 18:39:45 +0100
Processing by EventsController#new as HTML
  Rendering events/new.html.erb within layouts/application
  Rendered events/new.html.erb within layouts/application (1.4ms)
Completed 500 Internal Server Error in 5ms (ActiveRecord: 0.0ms)


  
ActionView::Template::Error (First argument in form cannot contain nil or be empty):
    3: 
    4: <div class="row">
    5:   <div class="col-md-6 col-md-offset-3">
    6:     <%= form_for(@events) do |f| %>
    7: 
    8:       <%= f.label :date %>
    9:       <%= f.email_field :date %>
  
app/views/events/new.html.erb:6:in `_app_views_events_new_html_erb__866715199404980436_70003019318720'
Started GET "/events/new" for 127.0.0.1 at 2017-11-03 18:39:51 +0100
Processing by EventsController#new as HTML
  Rendering events/new.html.erb within layouts/application
  Rendered events/new.html.erb within layouts/application (1.2ms)
Completed 500 Internal Server Error in 4ms (ActiveRecord: 0.0ms)


  
ActionView::Template::Error (First argument in form cannot contain nil or be empty):
    3: 
    4: <div class="row">
    5:   <div class="col-md-6 col-md-offset-3">
    6:     <%= form_for(@events) do |f| %>
    7: 
    8:       <%= f.label :date %>
    9:       <%= f.email_field :date %>
  
app/views/events/new.html.erb:6:in `_app_views_events_new_html_erb__866715199404980436_70003013338380'
Started GET "/events/new" for 127.0.0.1 at 2017-11-03 18:39:52 +0100
Processing by EventsController#new as HTML
  Rendering events/new.html.erb within layouts/application
  Rendered events/new.html.erb within layouts/application (2.0ms)
Completed 500 Internal Server Error in 6ms (ActiveRecord: 0.0ms)


  
ActionView::Template::Error (First argument in form cannot contain nil or be empty):
    3: 
    4: <div class="row">
    5:   <div class="col-md-6 col-md-offset-3">
    6:     <%= form_for(@events) do |f| %>
    7: 
    8:       <%= f.label :date %>
    9:       <%= f.email_field :date %>
  
app/views/events/new.html.erb:6:in `_app_views_events_new_html_erb__866715199404980436_70003021685480'
Started GET "/events/new" for 127.0.0.1 at 2017-11-03 18:40:03 +0100
Processing by EventsController#new as HTML
  Rendering events/new.html.erb within layouts/application
  Rendered events/new.html.erb within layouts/application (1.4ms)
Completed 500 Internal Server Error in 4ms (ActiveRecord: 0.0ms)


  
ActionView::Template::Error (First argument in form cannot contain nil or be empty):
    3: 
    4: <div class="row">
    5:   <div class="col-md-6 col-md-offset-3">
    6:     <%= form_for(@events) do |f| %>
    7: 
    8:       <%= f.label :date %>
    9:       <%= f.email_field :date %>
  
app/views/events/new.html.erb:6:in `_app_views_events_new_html_erb__866715199404980436_70003009086860'
Started GET "/events/new" for 127.0.0.1 at 2017-11-03 18:40:25 +0100
Processing by EventsController#new as HTML
  Rendering events/new.html.erb within layouts/application
  Rendered events/new.html.erb within layouts/application (1.6ms)
Completed 500 Internal Server Error in 5ms (ActiveRecord: 0.0ms)


  
ActionView::Template::Error (First argument in form cannot contain nil or be empty):
    3: 
    4: <div class="row">
    5:   <div class="col-md-6 col-md-offset-3">
    6:     <%= form_for(@events) do |f| %>
    7: 
    8:       <%= f.label :date %>
    9:       <%= f.email_field :date %>
  
app/views/events/new.html.erb:6:in `_app_views_events_new_html_erb__866715199404980436_70003014535780'
Started GET "/events/new" for 127.0.0.1 at 2017-11-03 18:40:48 +0100
Processing by EventsController#new as HTML
  Rendering events/new.html.erb within layouts/application
  Rendered events/new.html.erb within layouts/application (2.8ms)
Completed 200 OK in 24ms (Views: 22.7ms | ActiveRecord: 0.0ms)


Started GET "/events/new" for 127.0.0.1 at 2017-11-03 18:41:30 +0100
Processing by EventsController#new as HTML
  Rendering events/new.html.erb within layouts/application
  Rendered events/new.html.erb within layouts/application (2.9ms)
Completed 200 OK in 21ms (Views: 19.6ms | ActiveRecord: 0.0ms)


Started GET "/events/new" for 127.0.0.1 at 2017-11-03 18:41:38 +0100
Processing by EventsController#new as HTML
  Rendering events/new.html.erb within layouts/application
  Rendered events/new.html.erb within layouts/application (2.2ms)
Completed 200 OK in 23ms (Views: 22.2ms | ActiveRecord: 0.0ms)


Started GET "/events/new" for 127.0.0.1 at 2017-11-03 18:46:41 +0100
Processing by EventsController#new as HTML
  Rendering events/new.html.erb within layouts/application
  Rendered events/new.html.erb within layouts/application (2.2ms)
Completed 200 OK in 30ms (Views: 16.3ms | ActiveRecord: 0.8ms)


Started GET "/events/new" for 127.0.0.1 at 2017-11-03 18:47:05 +0100
Processing by EventsController#new as HTML
  Rendering events/new.html.erb within layouts/application
  Rendered events/new.html.erb within layouts/application (2.4ms)
Completed 200 OK in 31ms (Views: 17.1ms | ActiveRecord: 1.1ms)


Started GET "/events/new" for 127.0.0.1 at 2017-11-03 18:47:06 +0100
Processing by EventsController#new as HTML
  Rendering events/new.html.erb within layouts/application
  Rendered events/new.html.erb within layouts/application (2.2ms)
Completed 200 OK in 17ms (Views: 16.1ms | ActiveRecord: 0.0ms)


Started GET "/" for 127.0.0.1 at 2017-11-03 19:25:15 +0100
  [1m[35m (0.2ms)[0m  [1m[34mSELECT "schema_migrations"."version" FROM "schema_migrations" ORDER BY "schema_migrations"."version" ASC[0m
Processing by Rails::WelcomeController#index as HTML
  Rendering /usr/local/rvm/gems/ruby-2.3.4/gems/railties-5.1.2/lib/rails/templates/rails/welcome/index.html.erb
  Rendered /usr/local/rvm/gems/ruby-2.3.4/gems/railties-5.1.2/lib/rails/templates/rails/welcome/index.html.erb (3.7ms)
Completed 200 OK in 15ms (Views: 7.1ms | ActiveRecord: 0.0ms)


Started GET "/users/new" for 127.0.0.1 at 2017-11-03 19:25:43 +0100
Processing by UsersController#new as HTML
  Rendering users/new.html.erb within layouts/application
  Rendered users/new.html.erb within layouts/application (14.1ms)
Completed 200 OK in 657ms (Views: 639.3ms | ActiveRecord: 0.9ms)


Started GET "/users" for 127.0.0.1 at 2017-11-03 19:25:49 +0100
Processing by UsersController#index as HTML
  Rendering users/index.html.erb within layouts/application
  Rendered users/index.html.erb within layouts/application (0.5ms)
Completed 200 OK in 25ms (Views: 22.3ms | ActiveRecord: 0.0ms)


Started GET "/event/new" for 127.0.0.1 at 2017-11-03 19:28:24 +0100
  [1m[35m (0.2ms)[0m  [1m[34mSELECT "schema_migrations"."version" FROM "schema_migrations" ORDER BY "schema_migrations"."version" ASC[0m
  
ActionController::RoutingError (No route matches [GET] "/event/new"):
  
actionpack (5.1.2) lib/action_dispatch/middleware/debug_exceptions.rb:63:in `call'
web-console (3.5.1) lib/web_console/middleware.rb:135:in `call_app'
web-console (3.5.1) lib/web_console/middleware.rb:28:in `block in call'
web-console (3.5.1) lib/web_console/middleware.rb:18:in `catch'
web-console (3.5.1) lib/web_console/middleware.rb:18:in `call'
actionpack (5.1.2) lib/action_dispatch/middleware/show_exceptions.rb:31:in `call'
railties (5.1.2) lib/rails/rack/logger.rb:36:in `call_app'
railties (5.1.2) lib/rails/rack/logger.rb:24:in `block in call'
activesupport (5.1.2) lib/active_support/tagged_logging.rb:69:in `block in tagged'
activesupport (5.1.2) lib/active_support/tagged_logging.rb:26:in `tagged'
activesupport (5.1.2) lib/active_support/tagged_logging.rb:69:in `tagged'
railties (5.1.2) lib/rails/rack/logger.rb:24:in `call'
sprockets-rails (3.2.1) lib/sprockets/rails/quiet_assets.rb:13:in `call'
actionpack (5.1.2) lib/action_dispatch/middleware/remote_ip.rb:79:in `call'
actionpack (5.1.2) lib/action_dispatch/middleware/request_id.rb:25:in `call'
rack (2.0.3) lib/rack/method_override.rb:22:in `call'
rack (2.0.3) lib/rack/runtime.rb:22:in `call'
activesupport (5.1.2) lib/active_support/cache/strategy/local_cache_middleware.rb:27:in `call'
actionpack (5.1.2) lib/action_dispatch/middleware/executor.rb:12:in `call'
actionpack (5.1.2) lib/action_dispatch/middleware/static.rb:125:in `call'
rack (2.0.3) lib/rack/sendfile.rb:111:in `call'
railties (5.1.2) lib/rails/engine.rb:522:in `call'
puma (3.9.1) lib/puma/configuration.rb:224:in `call'
puma (3.9.1) lib/puma/server.rb:602:in `handle_request'
puma (3.9.1) lib/puma/server.rb:435:in `process_client'
puma (3.9.1) lib/puma/server.rb:299:in `block in run'
puma (3.9.1) lib/puma/thread_pool.rb:120:in `block in spawn_thread'
Started GET "/events/new" for 127.0.0.1 at 2017-11-03 19:28:28 +0100
Processing by EventsController#new as HTML
  Rendering events/new.html.erb within layouts/application
  Rendered events/new.html.erb within layouts/application (9.6ms)
Completed 200 OK in 337ms (Views: 314.5ms | ActiveRecord: 1.3ms)


Started GET "/events/new" for 127.0.0.1 at 2017-11-03 19:32:28 +0100
Processing by EventsController#new as HTML
  Rendering events/new.html.erb within layouts/application
  Rendered events/new.html.erb within layouts/application (19.9ms)
Completed 500 Internal Server Error in 25ms (ActiveRecord: 0.0ms)


  
ActionView::Template::Error (undefined method `creator_id' for #<Event:0x007f6c60bbd8d8>
Did you mean?  creator
               creator=):
    4: Nom<%= f.text_field (:description) %><br/>
    5: Date<%= f.date_field (:date) %><br/>
    6: Lieu<%= f.text_field (:place) %><br/>
    7: Créateur<%= f.collection_select(:creator_id, User.all, :id, :name) %><br/>
    8: <%= f.submit "Créer" %><br/>
    9: <% end %>
   10:     
  
app/views/events/new.html.erb:7:in `block in _app_views_events_new_html_erb__3566876634002684769_70051728056800'
app/views/events/new.html.erb:3:in `_app_views_events_new_html_erb__3566876634002684769_70051728056800'
Started GET "/events/new" for 127.0.0.1 at 2017-11-03 19:33:13 +0100
Processing by EventsController#new as HTML
  Rendering events/new.html.erb within layouts/application
  Rendered events/new.html.erb within layouts/application (16.4ms)
Completed 500 Internal Server Error in 21ms (ActiveRecord: 0.0ms)


  
ActionView::Template::Error (undefined method `creator_id' for #<Event:0x007f6c6c012888>
Did you mean?  creator
               creator=):
    4: Nom<%= f.text_field (:description) %><br/>
    5: Date<%= f.date_field (:date) %><br/>
    6: Lieu<%= f.text_field (:place) %><br/>
    7: Creator<%= f.collection_select(:creator_id, User.all, :id, :name) %><br/>
    8: <%= f.submit "Créer" %><br/>
    9: <% end %>
   10:     
  
app/views/events/new.html.erb:7:in `block in _app_views_events_new_html_erb__3566876634002684769_70051822602560'
app/views/events/new.html.erb:3:in `_app_views_events_new_html_erb__3566876634002684769_70051822602560'
Started GET "/events/new" for 127.0.0.1 at 2017-11-03 19:33:47 +0100
Processing by EventsController#new as HTML
  Rendering events/new.html.erb within layouts/application
  Rendered events/new.html.erb within layouts/application (13.4ms)
Completed 500 Internal Server Error in 18ms (ActiveRecord: 0.0ms)


  
ActionView::Template::Error (undefined method `creator_id' for #<Event:0x007f6c599cc738>
Did you mean?  creator
               creator=):
    4: Nom<%= f.text_field (:description) %><br/>
    5: Date<%= f.date_field (:date) %><br/>
    6: Lieu<%= f.text_field (:place) %><br/>
    7: Creator<%= f.collection_select(:creator_id, User.all, :id, :name) %><br/>
    8: <%= f.submit "Créer" %><br/>
    9: <% end %>
   10:     
  
app/views/events/new.html.erb:7:in `block in _app_views_events_new_html_erb__3566876634002684769_70051668277320'
app/views/events/new.html.erb:3:in `_app_views_events_new_html_erb__3566876634002684769_70051668277320'
Started GET "/events/new" for 127.0.0.1 at 2017-11-03 19:35:09 +0100
Processing by EventsController#new as HTML
  Rendering events/new.html.erb within layouts/application
  Rendered events/new.html.erb within layouts/application (13.6ms)
Completed 500 Internal Server Error in 18ms (ActiveRecord: 0.0ms)


  
ActionView::Template::Error (undefined method `creator_id' for #<Event:0x007f6c60fe8070>
Did you mean?  creator
               creator=):
    4: Nom<%= f.text_field (:description) %><br/>
    5: Date<%= f.date_field (:date) %><br/>
    6: Lieu<%= f.text_field (:place) %><br/>
    7: Créateur<%= f.collection_select(:creator_id, User.all, :id, :name) %>
    8: <br/>
    9: <%= f.submit "Créer" %><br/>
   10: <% end %>
  
app/views/events/new.html.erb:7:in `block in _app_views_events_new_html_erb__3566876634002684769_70051730265500'
app/views/events/new.html.erb:3:in `_app_views_events_new_html_erb__3566876634002684769_70051730265500'
Started GET "/new" for 127.0.0.1 at 2017-11-03 19:35:22 +0100
  
ActionController::RoutingError (No route matches [GET] "/new"):
  
actionpack (5.1.2) lib/action_dispatch/middleware/debug_exceptions.rb:63:in `call'
web-console (3.5.1) lib/web_console/middleware.rb:135:in `call_app'
web-console (3.5.1) lib/web_console/middleware.rb:28:in `block in call'
web-console (3.5.1) lib/web_console/middleware.rb:18:in `catch'
web-console (3.5.1) lib/web_console/middleware.rb:18:in `call'
actionpack (5.1.2) lib/action_dispatch/middleware/show_exceptions.rb:31:in `call'
railties (5.1.2) lib/rails/rack/logger.rb:36:in `call_app'
railties (5.1.2) lib/rails/rack/logger.rb:24:in `block in call'
activesupport (5.1.2) lib/active_support/tagged_logging.rb:69:in `block in tagged'
activesupport (5.1.2) lib/active_support/tagged_logging.rb:26:in `tagged'
activesupport (5.1.2) lib/active_support/tagged_logging.rb:69:in `tagged'
railties (5.1.2) lib/rails/rack/logger.rb:24:in `call'
sprockets-rails (3.2.1) lib/sprockets/rails/quiet_assets.rb:13:in `call'
actionpack (5.1.2) lib/action_dispatch/middleware/remote_ip.rb:79:in `call'
actionpack (5.1.2) lib/action_dispatch/middleware/request_id.rb:25:in `call'
rack (2.0.3) lib/rack/method_override.rb:22:in `call'
rack (2.0.3) lib/rack/runtime.rb:22:in `call'
activesupport (5.1.2) lib/active_support/cache/strategy/local_cache_middleware.rb:27:in `call'
actionpack (5.1.2) lib/action_dispatch/middleware/executor.rb:12:in `call'
actionpack (5.1.2) lib/action_dispatch/middleware/static.rb:125:in `call'
rack (2.0.3) lib/rack/sendfile.rb:111:in `call'
railties (5.1.2) lib/rails/engine.rb:522:in `call'
puma (3.9.1) lib/puma/configuration.rb:224:in `call'
puma (3.9.1) lib/puma/server.rb:602:in `handle_request'
puma (3.9.1) lib/puma/server.rb:435:in `process_client'
puma (3.9.1) lib/puma/server.rb:299:in `block in run'
puma (3.9.1) lib/puma/thread_pool.rb:120:in `block in spawn_thread'
Started GET "/new" for 127.0.0.1 at 2017-11-03 19:35:47 +0100
  
ActionController::RoutingError (No route matches [GET] "/new"):
  
actionpack (5.1.2) lib/action_dispatch/middleware/debug_exceptions.rb:63:in `call'
web-console (3.5.1) lib/web_console/middleware.rb:135:in `call_app'
web-console (3.5.1) lib/web_console/middleware.rb:28:in `block in call'
web-console (3.5.1) lib/web_console/middleware.rb:18:in `catch'
web-console (3.5.1) lib/web_console/middleware.rb:18:in `call'
actionpack (5.1.2) lib/action_dispatch/middleware/show_exceptions.rb:31:in `call'
railties (5.1.2) lib/rails/rack/logger.rb:36:in `call_app'
railties (5.1.2) lib/rails/rack/logger.rb:24:in `block in call'
activesupport (5.1.2) lib/active_support/tagged_logging.rb:69:in `block in tagged'
activesupport (5.1.2) lib/active_support/tagged_logging.rb:26:in `tagged'
activesupport (5.1.2) lib/active_support/tagged_logging.rb:69:in `tagged'
railties (5.1.2) lib/rails/rack/logger.rb:24:in `call'
sprockets-rails (3.2.1) lib/sprockets/rails/quiet_assets.rb:13:in `call'
actionpack (5.1.2) lib/action_dispatch/middleware/remote_ip.rb:79:in `call'
actionpack (5.1.2) lib/action_dispatch/middleware/request_id.rb:25:in `call'
rack (2.0.3) lib/rack/method_override.rb:22:in `call'
rack (2.0.3) lib/rack/runtime.rb:22:in `call'
activesupport (5.1.2) lib/active_support/cache/strategy/local_cache_middleware.rb:27:in `call'
actionpack (5.1.2) lib/action_dispatch/middleware/executor.rb:12:in `call'
actionpack (5.1.2) lib/action_dispatch/middleware/static.rb:125:in `call'
rack (2.0.3) lib/rack/sendfile.rb:111:in `call'
railties (5.1.2) lib/rails/engine.rb:522:in `call'
puma (3.9.1) lib/puma/configuration.rb:224:in `call'
puma (3.9.1) lib/puma/server.rb:602:in `handle_request'
puma (3.9.1) lib/puma/server.rb:435:in `process_client'
puma (3.9.1) lib/puma/server.rb:299:in `block in run'
puma (3.9.1) lib/puma/thread_pool.rb:120:in `block in spawn_thread'
Started GET "/news" for 127.0.0.1 at 2017-11-03 19:35:52 +0100
  
ActionController::RoutingError (No route matches [GET] "/news"):
  
actionpack (5.1.2) lib/action_dispatch/middleware/debug_exceptions.rb:63:in `call'
web-console (3.5.1) lib/web_console/middleware.rb:135:in `call_app'
web-console (3.5.1) lib/web_console/middleware.rb:28:in `block in call'
web-console (3.5.1) lib/web_console/middleware.rb:18:in `catch'
web-console (3.5.1) lib/web_console/middleware.rb:18:in `call'
actionpack (5.1.2) lib/action_dispatch/middleware/show_exceptions.rb:31:in `call'
railties (5.1.2) lib/rails/rack/logger.rb:36:in `call_app'
railties (5.1.2) lib/rails/rack/logger.rb:24:in `block in call'
activesupport (5.1.2) lib/active_support/tagged_logging.rb:69:in `block in tagged'
activesupport (5.1.2) lib/active_support/tagged_logging.rb:26:in `tagged'
activesupport (5.1.2) lib/active_support/tagged_logging.rb:69:in `tagged'
railties (5.1.2) lib/rails/rack/logger.rb:24:in `call'
sprockets-rails (3.2.1) lib/sprockets/rails/quiet_assets.rb:13:in `call'
actionpack (5.1.2) lib/action_dispatch/middleware/remote_ip.rb:79:in `call'
actionpack (5.1.2) lib/action_dispatch/middleware/request_id.rb:25:in `call'
rack (2.0.3) lib/rack/method_override.rb:22:in `call'
rack (2.0.3) lib/rack/runtime.rb:22:in `call'
activesupport (5.1.2) lib/active_support/cache/strategy/local_cache_middleware.rb:27:in `call'
actionpack (5.1.2) lib/action_dispatch/middleware/executor.rb:12:in `call'
actionpack (5.1.2) lib/action_dispatch/middleware/static.rb:125:in `call'
rack (2.0.3) lib/rack/sendfile.rb:111:in `call'
railties (5.1.2) lib/rails/engine.rb:522:in `call'
puma (3.9.1) lib/puma/configuration.rb:224:in `call'
puma (3.9.1) lib/puma/server.rb:602:in `handle_request'
puma (3.9.1) lib/puma/server.rb:435:in `process_client'
puma (3.9.1) lib/puma/server.rb:299:in `block in run'
puma (3.9.1) lib/puma/thread_pool.rb:120:in `block in spawn_thread'
Started GET "/news/edit" for 127.0.0.1 at 2017-11-03 19:35:59 +0100
  
ActionController::RoutingError (No route matches [GET] "/news/edit"):
  
actionpack (5.1.2) lib/action_dispatch/middleware/debug_exceptions.rb:63:in `call'
web-console (3.5.1) lib/web_console/middleware.rb:135:in `call_app'
web-console (3.5.1) lib/web_console/middleware.rb:28:in `block in call'
web-console (3.5.1) lib/web_console/middleware.rb:18:in `catch'
web-console (3.5.1) lib/web_console/middleware.rb:18:in `call'
actionpack (5.1.2) lib/action_dispatch/middleware/show_exceptions.rb:31:in `call'
railties (5.1.2) lib/rails/rack/logger.rb:36:in `call_app'
railties (5.1.2) lib/rails/rack/logger.rb:24:in `block in call'
activesupport (5.1.2) lib/active_support/tagged_logging.rb:69:in `block in tagged'
activesupport (5.1.2) lib/active_support/tagged_logging.rb:26:in `tagged'
activesupport (5.1.2) lib/active_support/tagged_logging.rb:69:in `tagged'
railties (5.1.2) lib/rails/rack/logger.rb:24:in `call'
sprockets-rails (3.2.1) lib/sprockets/rails/quiet_assets.rb:13:in `call'
actionpack (5.1.2) lib/action_dispatch/middleware/remote_ip.rb:79:in `call'
actionpack (5.1.2) lib/action_dispatch/middleware/request_id.rb:25:in `call'
rack (2.0.3) lib/rack/method_override.rb:22:in `call'
rack (2.0.3) lib/rack/runtime.rb:22:in `call'
activesupport (5.1.2) lib/active_support/cache/strategy/local_cache_middleware.rb:27:in `call'
actionpack (5.1.2) lib/action_dispatch/middleware/executor.rb:12:in `call'
actionpack (5.1.2) lib/action_dispatch/middleware/static.rb:125:in `call'
rack (2.0.3) lib/rack/sendfile.rb:111:in `call'
railties (5.1.2) lib/rails/engine.rb:522:in `call'
puma (3.9.1) lib/puma/configuration.rb:224:in `call'
puma (3.9.1) lib/puma/server.rb:602:in `handle_request'
puma (3.9.1) lib/puma/server.rb:435:in `process_client'
puma (3.9.1) lib/puma/server.rb:299:in `block in run'
puma (3.9.1) lib/puma/thread_pool.rb:120:in `block in spawn_thread'
Started GET "/news/" for 127.0.0.1 at 2017-11-03 19:36:19 +0100
  
ActionController::RoutingError (No route matches [GET] "/news"):
  
actionpack (5.1.2) lib/action_dispatch/middleware/debug_exceptions.rb:63:in `call'
web-console (3.5.1) lib/web_console/middleware.rb:135:in `call_app'
web-console (3.5.1) lib/web_console/middleware.rb:28:in `block in call'
web-console (3.5.1) lib/web_console/middleware.rb:18:in `catch'
web-console (3.5.1) lib/web_console/middleware.rb:18:in `call'
actionpack (5.1.2) lib/action_dispatch/middleware/show_exceptions.rb:31:in `call'
railties (5.1.2) lib/rails/rack/logger.rb:36:in `call_app'
railties (5.1.2) lib/rails/rack/logger.rb:24:in `block in call'
activesupport (5.1.2) lib/active_support/tagged_logging.rb:69:in `block in tagged'
activesupport (5.1.2) lib/active_support/tagged_logging.rb:26:in `tagged'
activesupport (5.1.2) lib/active_support/tagged_logging.rb:69:in `tagged'
railties (5.1.2) lib/rails/rack/logger.rb:24:in `call'
sprockets-rails (3.2.1) lib/sprockets/rails/quiet_assets.rb:13:in `call'
actionpack (5.1.2) lib/action_dispatch/middleware/remote_ip.rb:79:in `call'
actionpack (5.1.2) lib/action_dispatch/middleware/request_id.rb:25:in `call'
rack (2.0.3) lib/rack/method_override.rb:22:in `call'
rack (2.0.3) lib/rack/runtime.rb:22:in `call'
activesupport (5.1.2) lib/active_support/cache/strategy/local_cache_middleware.rb:27:in `call'
actionpack (5.1.2) lib/action_dispatch/middleware/executor.rb:12:in `call'
actionpack (5.1.2) lib/action_dispatch/middleware/static.rb:125:in `call'
rack (2.0.3) lib/rack/sendfile.rb:111:in `call'
railties (5.1.2) lib/rails/engine.rb:522:in `call'
puma (3.9.1) lib/puma/configuration.rb:224:in `call'
puma (3.9.1) lib/puma/server.rb:602:in `handle_request'
puma (3.9.1) lib/puma/server.rb:435:in `process_client'
puma (3.9.1) lib/puma/server.rb:299:in `block in run'
puma (3.9.1) lib/puma/thread_pool.rb:120:in `block in spawn_thread'
Started GET "/news/events" for 127.0.0.1 at 2017-11-03 19:36:43 +0100
  
ActionController::RoutingError (No route matches [GET] "/news/events"):
  
actionpack (5.1.2) lib/action_dispatch/middleware/debug_exceptions.rb:63:in `call'
web-console (3.5.1) lib/web_console/middleware.rb:135:in `call_app'
web-console (3.5.1) lib/web_console/middleware.rb:28:in `block in call'
web-console (3.5.1) lib/web_console/middleware.rb:18:in `catch'
web-console (3.5.1) lib/web_console/middleware.rb:18:in `call'
actionpack (5.1.2) lib/action_dispatch/middleware/show_exceptions.rb:31:in `call'
railties (5.1.2) lib/rails/rack/logger.rb:36:in `call_app'
railties (5.1.2) lib/rails/rack/logger.rb:24:in `block in call'
activesupport (5.1.2) lib/active_support/tagged_logging.rb:69:in `block in tagged'
activesupport (5.1.2) lib/active_support/tagged_logging.rb:26:in `tagged'
activesupport (5.1.2) lib/active_support/tagged_logging.rb:69:in `tagged'
railties (5.1.2) lib/rails/rack/logger.rb:24:in `call'
sprockets-rails (3.2.1) lib/sprockets/rails/quiet_assets.rb:13:in `call'
actionpack (5.1.2) lib/action_dispatch/middleware/remote_ip.rb:79:in `call'
actionpack (5.1.2) lib/action_dispatch/middleware/request_id.rb:25:in `call'
rack (2.0.3) lib/rack/method_override.rb:22:in `call'
rack (2.0.3) lib/rack/runtime.rb:22:in `call'
activesupport (5.1.2) lib/active_support/cache/strategy/local_cache_middleware.rb:27:in `call'
actionpack (5.1.2) lib/action_dispatch/middleware/executor.rb:12:in `call'
actionpack (5.1.2) lib/action_dispatch/middleware/static.rb:125:in `call'
rack (2.0.3) lib/rack/sendfile.rb:111:in `call'
railties (5.1.2) lib/rails/engine.rb:522:in `call'
puma (3.9.1) lib/puma/configuration.rb:224:in `call'
puma (3.9.1) lib/puma/server.rb:602:in `handle_request'
puma (3.9.1) lib/puma/server.rb:435:in `process_client'
puma (3.9.1) lib/puma/server.rb:299:in `block in run'
puma (3.9.1) lib/puma/thread_pool.rb:120:in `block in spawn_thread'
Started GET "/events/new" for 127.0.0.1 at 2017-11-03 19:36:57 +0100
Processing by EventsController#new as HTML
  Rendering events/new.html.erb within layouts/application
  Rendered events/new.html.erb within layouts/application (4.6ms)
Completed 200 OK in 31ms (Views: 28.0ms | ActiveRecord: 0.0ms)


Started GET "/events" for 127.0.0.1 at 2017-11-03 19:39:12 +0100
Processing by EventsController#index as HTML
  Rendering events/index.html.erb within layouts/application
  Rendered events/index.html.erb within layouts/application (0.6ms)
Completed 200 OK in 35ms (Views: 33.6ms | ActiveRecord: 0.0ms)


Started GET "/events/new" for 127.0.0.1 at 2017-11-03 19:41:07 +0100
Processing by EventsController#new as HTML
  Rendering events/new.html.erb within layouts/application
  Rendered events/new.html.erb within layouts/application (14.2ms)
Completed 500 Internal Server Error in 19ms (ActiveRecord: 0.0ms)


  
ActionView::Template::Error (undefined method `creator_id' for #<Event:0x007f6c597e9f88>
Did you mean?  creator
               creator=):
    4: Nom<%= f.text_field (:description) %><br/>
    5: Date<%= f.date_field (:date) %><br/>
    6: Lieu<%= f.text_field (:place) %><br/>
    7: Créateur<%= f.collection_select(:creator_id, User.all, :id, :name) %><br/>
    8: <%= f.submit "Créer" %><br/>
    9: <% end %>
   10:     
  
app/views/events/new.html.erb:7:in `block in _app_views_events_new_html_erb__3566876634002684769_70051667329800'
app/views/events/new.html.erb:3:in `_app_views_events_new_html_erb__3566876634002684769_70051667329800'
Started GET "/events/new" for 127.0.0.1 at 2017-11-03 19:48:06 +0100
  [1m[35m (0.2ms)[0m  [1m[34mSELECT "schema_migrations"."version" FROM "schema_migrations" ORDER BY "schema_migrations"."version" ASC[0m
Processing by EventsController#new as HTML
  Rendering events/new.html.erb within layouts/application
  Rendered events/new.html.erb within layouts/application (24.0ms)
Completed 500 Internal Server Error in 55ms (ActiveRecord: 1.0ms)


  
ActionView::Template::Error (undefined method `creator_id' for #<Event:0x00000004bea128>
Did you mean?  creator
               creator=):
    4: Nom<%= f.text_field (:description) %><br/>
    5: Date<%= f.date_field (:date) %><br/>
    6: Lieu<%= f.text_field (:place) %><br/>
    7: Créateur<%= f.collection_select(:creator_id, User.all, :id, :name) %><br/>
    8: <%= f.submit "Créer" %><br/>
    9: <% end %>
   10:     
  
app/views/events/new.html.erb:7:in `block in _app_views_events_new_html_erb___1032526815215602212_39332680'
app/views/events/new.html.erb:3:in `_app_views_events_new_html_erb___1032526815215602212_39332680'
Started GET "/events/new" for 127.0.0.1 at 2017-11-03 19:48:35 +0100
Processing by EventsController#new as HTML
  Rendering events/new.html.erb within layouts/application
  Rendered events/new.html.erb within layouts/application (10.9ms)
Completed 200 OK in 359ms (Views: 357.5ms | ActiveRecord: 0.0ms)


Started GET "/users/new" for 127.0.0.1 at 2017-11-03 19:51:27 +0100
Processing by UsersController#new as HTML
  Rendering users/new.html.erb within layouts/application
  Rendered users/new.html.erb within layouts/application (2.9ms)
Completed 200 OK in 34ms (Views: 23.9ms | ActiveRecord: 1.3ms)


Started POST "/users" for 127.0.0.1 at 2017-11-03 19:51:40 +0100
  
AbstractController::ActionNotFound (The action 'create' could not be found for UsersController):
  
actionpack (5.1.4) lib/abstract_controller/base.rb:119:in `process'
actionview (5.1.4) lib/action_view/rendering.rb:30:in `process'
actionpack (5.1.4) lib/action_controller/metal.rb:189:in `dispatch'
actionpack (5.1.4) lib/action_controller/metal.rb:253:in `dispatch'
actionpack (5.1.4) lib/action_dispatch/routing/route_set.rb:49:in `dispatch'
actionpack (5.1.4) lib/action_dispatch/routing/route_set.rb:31:in `serve'
actionpack (5.1.4) lib/action_dispatch/journey/router.rb:50:in `block in serve'
actionpack (5.1.4) lib/action_dispatch/journey/router.rb:33:in `each'
actionpack (5.1.4) lib/action_dispatch/journey/router.rb:33:in `serve'
actionpack (5.1.4) lib/action_dispatch/routing/route_set.rb:834:in `call'
rack (2.0.3) lib/rack/etag.rb:25:in `call'
rack (2.0.3) lib/rack/conditional_get.rb:38:in `call'
rack (2.0.3) lib/rack/head.rb:12:in `call'
rack (2.0.3) lib/rack/session/abstract/id.rb:232:in `context'
rack (2.0.3) lib/rack/session/abstract/id.rb:226:in `call'
actionpack (5.1.4) lib/action_dispatch/middleware/cookies.rb:613:in `call'
activerecord (5.1.4) lib/active_record/migration.rb:556:in `call'
actionpack (5.1.4) lib/action_dispatch/middleware/callbacks.rb:26:in `block in call'
activesupport (5.1.4) lib/active_support/callbacks.rb:97:in `run_callbacks'
actionpack (5.1.4) lib/action_dispatch/middleware/callbacks.rb:24:in `call'
actionpack (5.1.4) lib/action_dispatch/middleware/executor.rb:12:in `call'
actionpack (5.1.4) lib/action_dispatch/middleware/debug_exceptions.rb:59:in `call'
web-console (3.5.1) lib/web_console/middleware.rb:135:in `call_app'
web-console (3.5.1) lib/web_console/middleware.rb:28:in `block in call'
web-console (3.5.1) lib/web_console/middleware.rb:18:in `catch'
web-console (3.5.1) lib/web_console/middleware.rb:18:in `call'
actionpack (5.1.4) lib/action_dispatch/middleware/show_exceptions.rb:31:in `call'
railties (5.1.4) lib/rails/rack/logger.rb:36:in `call_app'
railties (5.1.4) lib/rails/rack/logger.rb:24:in `block in call'
activesupport (5.1.4) lib/active_support/tagged_logging.rb:69:in `block in tagged'
activesupport (5.1.4) lib/active_support/tagged_logging.rb:26:in `tagged'
activesupport (5.1.4) lib/active_support/tagged_logging.rb:69:in `tagged'
railties (5.1.4) lib/rails/rack/logger.rb:24:in `call'
sprockets-rails (3.2.1) lib/sprockets/rails/quiet_assets.rb:13:in `call'
actionpack (5.1.4) lib/action_dispatch/middleware/remote_ip.rb:79:in `call'
actionpack (5.1.4) lib/action_dispatch/middleware/request_id.rb:25:in `call'
rack (2.0.3) lib/rack/method_override.rb:22:in `call'
rack (2.0.3) lib/rack/runtime.rb:22:in `call'
activesupport (5.1.4) lib/active_support/cache/strategy/local_cache_middleware.rb:27:in `call'
actionpack (5.1.4) lib/action_dispatch/middleware/executor.rb:12:in `call'
actionpack (5.1.4) lib/action_dispatch/middleware/static.rb:125:in `call'
rack (2.0.3) lib/rack/sendfile.rb:111:in `call'
railties (5.1.4) lib/rails/engine.rb:522:in `call'
puma (3.9.1) lib/puma/configuration.rb:224:in `call'
puma (3.9.1) lib/puma/server.rb:602:in `handle_request'
puma (3.9.1) lib/puma/server.rb:435:in `process_client'
puma (3.9.1) lib/puma/server.rb:299:in `block in run'
puma (3.9.1) lib/puma/thread_pool.rb:120:in `block in spawn_thread'
Started GET "/users" for 127.0.0.1 at 2017-11-03 19:52:10 +0100
Processing by UsersController#index as HTML
Started POST "/users" for 127.0.0.1 at 2017-11-03 19:52:20 +0100
  Rendering users/index.html.erb within layouts/application
  Rendered users/index.html.erb within layouts/application (0.4ms)
Completed 200 OK in 22ms (Views: 20.0ms)


  
AbstractController::ActionNotFound (The action 'create' could not be found for UsersController):
  
actionpack (5.1.4) lib/abstract_controller/base.rb:119:in `process'
actionview (5.1.4) lib/action_view/rendering.rb:30:in `process'
actionpack (5.1.4) lib/action_controller/metal.rb:189:in `dispatch'
actionpack (5.1.4) lib/action_controller/metal.rb:253:in `dispatch'
actionpack (5.1.4) lib/action_dispatch/routing/route_set.rb:49:in `dispatch'
actionpack (5.1.4) lib/action_dispatch/routing/route_set.rb:31:in `serve'
actionpack (5.1.4) lib/action_dispatch/journey/router.rb:50:in `block in serve'
actionpack (5.1.4) lib/action_dispatch/journey/router.rb:33:in `each'
actionpack (5.1.4) lib/action_dispatch/journey/router.rb:33:in `serve'
actionpack (5.1.4) lib/action_dispatch/routing/route_set.rb:834:in `call'
rack (2.0.3) lib/rack/etag.rb:25:in `call'
rack (2.0.3) lib/rack/conditional_get.rb:38:in `call'
rack (2.0.3) lib/rack/head.rb:12:in `call'
rack (2.0.3) lib/rack/session/abstract/id.rb:232:in `context'
rack (2.0.3) lib/rack/session/abstract/id.rb:226:in `call'
actionpack (5.1.4) lib/action_dispatch/middleware/cookies.rb:613:in `call'
activerecord (5.1.4) lib/active_record/migration.rb:556:in `call'
actionpack (5.1.4) lib/action_dispatch/middleware/callbacks.rb:26:in `block in call'
activesupport (5.1.4) lib/active_support/callbacks.rb:97:in `run_callbacks'
actionpack (5.1.4) lib/action_dispatch/middleware/callbacks.rb:24:in `call'
actionpack (5.1.4) lib/action_dispatch/middleware/executor.rb:12:in `call'
actionpack (5.1.4) lib/action_dispatch/middleware/debug_exceptions.rb:59:in `call'
web-console (3.5.1) lib/web_console/middleware.rb:135:in `call_app'
web-console (3.5.1) lib/web_console/middleware.rb:28:in `block in call'
web-console (3.5.1) lib/web_console/middleware.rb:18:in `catch'
web-console (3.5.1) lib/web_console/middleware.rb:18:in `call'
actionpack (5.1.4) lib/action_dispatch/middleware/show_exceptions.rb:31:in `call'
railties (5.1.4) lib/rails/rack/logger.rb:36:in `call_app'
railties (5.1.4) lib/rails/rack/logger.rb:24:in `block in call'
activesupport (5.1.4) lib/active_support/tagged_logging.rb:69:in `block in tagged'
activesupport (5.1.4) lib/active_support/tagged_logging.rb:26:in `tagged'
activesupport (5.1.4) lib/active_support/tagged_logging.rb:69:in `tagged'
railties (5.1.4) lib/rails/rack/logger.rb:24:in `call'
sprockets-rails (3.2.1) lib/sprockets/rails/quiet_assets.rb:13:in `call'
actionpack (5.1.4) lib/action_dispatch/middleware/remote_ip.rb:79:in `call'
actionpack (5.1.4) lib/action_dispatch/middleware/request_id.rb:25:in `call'
rack (2.0.3) lib/rack/method_override.rb:22:in `call'
rack (2.0.3) lib/rack/runtime.rb:22:in `call'
activesupport (5.1.4) lib/active_support/cache/strategy/local_cache_middleware.rb:27:in `call'
actionpack (5.1.4) lib/action_dispatch/middleware/executor.rb:12:in `call'
actionpack (5.1.4) lib/action_dispatch/middleware/static.rb:125:in `call'
rack (2.0.3) lib/rack/sendfile.rb:111:in `call'
railties (5.1.4) lib/rails/engine.rb:522:in `call'
puma (3.9.1) lib/puma/configuration.rb:224:in `call'
puma (3.9.1) lib/puma/server.rb:602:in `handle_request'
puma (3.9.1) lib/puma/server.rb:435:in `process_client'
puma (3.9.1) lib/puma/server.rb:299:in `block in run'
puma (3.9.1) lib/puma/thread_pool.rb:120:in `block in spawn_thread'
Started POST "/users" for 127.0.0.1 at 2017-11-03 19:52:37 +0100
Processing by UsersController#create as HTML
  Parameters: {"utf8"=>"✓", "authenticity_token"=>"LVkBdLiOzTVBIOpgQQLgq2Le1UFRa0hMuS07t3NVd2CbkUq0TcMKkCTPDLmCbpwxHNtypjfOZ8rFFThMdiaglQ==", "user"=>{"name"=>"youyou@gmail.Com"}, "commit"=>"Create my account"}
  [1m[35m (0.1ms)[0m  [1m[36mbegin transaction[0m
  [1m[35mSQL (0.3ms)[0m  [1m[32mINSERT INTO "users" ("name", "created_at", "updated_at") VALUES (?, ?, ?)[0m  [["name", "youyou@gmail.Com"], ["created_at", "2017-11-03 18:52:37.341795"], ["updated_at", "2017-11-03 18:52:37.341795"]]
  [1m[35m (76.3ms)[0m  [1m[36mcommit transaction[0m
Completed 500 Internal Server Error in 222ms (ActiveRecord: 77.8ms)


  
NoMethodError (undefined method `log_in' for #<UsersController:0x0000000274a7a0>):
  
app/controllers/users_controller.rb:17:in `create'
Started POST "/users" for 127.0.0.1 at 2017-11-03 19:53:06 +0100
Processing by UsersController#create as HTML
  Parameters: {"utf8"=>"✓", "authenticity_token"=>"LVkBdLiOzTVBIOpgQQLgq2Le1UFRa0hMuS07t3NVd2CbkUq0TcMKkCTPDLmCbpwxHNtypjfOZ8rFFThMdiaglQ==", "user"=>{"name"=>"youyou@gmail.Com"}, "commit"=>"Create my account"}
  [1m[35m (0.1ms)[0m  [1m[36mbegin transaction[0m
  [1m[35mSQL (0.4ms)[0m  [1m[32mINSERT INTO "users" ("name", "created_at", "updated_at") VALUES (?, ?, ?)[0m  [["name", "youyou@gmail.Com"], ["created_at", "2017-11-03 18:53:06.482151"], ["updated_at", "2017-11-03 18:53:06.482151"]]
  [1m[35m (100.8ms)[0m  [1m[36mcommit transaction[0m
Redirected to http://localhost:3000/users/2
Completed 302 Found in 123ms (ActiveRecord: 102.7ms)


Started GET "/users/2" for 127.0.0.1 at 2017-11-03 19:53:06 +0100
Processing by UsersController#show as HTML
  Parameters: {"id"=>"2"}
  [1m[36mUser Load (0.4ms)[0m  [1m[34mSELECT  "users".* FROM "users" WHERE "users"."id" = ? LIMIT ?[0m  [["id", 2], ["LIMIT", 1]]
  Rendering users/show.html.erb within layouts/application
  Rendered users/show.html.erb within layouts/application (0.4ms)
Completed 200 OK in 27ms (Views: 20.9ms | ActiveRecord: 0.4ms)


Started GET "/app/views/users/show.html.erb" for 127.0.0.1 at 2017-11-03 19:53:15 +0100
  
ActionController::RoutingError (No route matches [GET] "/app/views/users/show.html.erb"):
  
actionpack (5.1.4) lib/action_dispatch/middleware/debug_exceptions.rb:63:in `call'
web-console (3.5.1) lib/web_console/middleware.rb:135:in `call_app'
web-console (3.5.1) lib/web_console/middleware.rb:28:in `block in call'
web-console (3.5.1) lib/web_console/middleware.rb:18:in `catch'
web-console (3.5.1) lib/web_console/middleware.rb:18:in `call'
actionpack (5.1.4) lib/action_dispatch/middleware/show_exceptions.rb:31:in `call'
railties (5.1.4) lib/rails/rack/logger.rb:36:in `call_app'
railties (5.1.4) lib/rails/rack/logger.rb:24:in `block in call'
activesupport (5.1.4) lib/active_support/tagged_logging.rb:69:in `block in tagged'
activesupport (5.1.4) lib/active_support/tagged_logging.rb:26:in `tagged'
activesupport (5.1.4) lib/active_support/tagged_logging.rb:69:in `tagged'
railties (5.1.4) lib/rails/rack/logger.rb:24:in `call'
sprockets-rails (3.2.1) lib/sprockets/rails/quiet_assets.rb:13:in `call'
actionpack (5.1.4) lib/action_dispatch/middleware/remote_ip.rb:79:in `call'
actionpack (5.1.4) lib/action_dispatch/middleware/request_id.rb:25:in `call'
rack (2.0.3) lib/rack/method_override.rb:22:in `call'
rack (2.0.3) lib/rack/runtime.rb:22:in `call'
activesupport (5.1.4) lib/active_support/cache/strategy/local_cache_middleware.rb:27:in `call'
actionpack (5.1.4) lib/action_dispatch/middleware/executor.rb:12:in `call'
actionpack (5.1.4) lib/action_dispatch/middleware/static.rb:125:in `call'
rack (2.0.3) lib/rack/sendfile.rb:111:in `call'
railties (5.1.4) lib/rails/engine.rb:522:in `call'
puma (3.9.1) lib/puma/configuration.rb:224:in `call'
puma (3.9.1) lib/puma/server.rb:602:in `handle_request'
puma (3.9.1) lib/puma/server.rb:435:in `process_client'
puma (3.9.1) lib/puma/server.rb:299:in `block in run'
puma (3.9.1) lib/puma/thread_pool.rb:120:in `block in spawn_thread'
Started GET "/users/new" for 127.0.0.1 at 2017-11-03 20:01:12 +0100
Processing by UsersController#new as HTML
  Rendering users/new.html.erb within layouts/application
  Rendered users/new.html.erb within layouts/application (3.1ms)
Completed 200 OK in 4518ms (Views: 4516.3ms | ActiveRecord: 0.0ms)


Started POST "/users" for 127.0.0.1 at 2017-11-03 20:06:09 +0100
Processing by UsersController#create as HTML
  Parameters: {"utf8"=>"✓", "authenticity_token"=>"0Sk5I5Xftujt37lsAlZ1z+tug470w997WjOQLlbEgetn4XLjYJJxTYgwX7XBOglVlWskaZJm8P0mC5PVU7dWHg==", "user"=>{"name"=>""}, "commit"=>"Create my account"}
  [1m[35m (0.1ms)[0m  [1m[36mbegin transaction[0m
  [1m[35mSQL (0.6ms)[0m  [1m[32mINSERT INTO "users" ("name", "created_at", "updated_at") VALUES (?, ?, ?)[0m  [["name", ""], ["created_at", "2017-11-03 19:06:09.831243"], ["updated_at", "2017-11-03 19:06:09.831243"]]
  [1m[35m (82.7ms)[0m  [1m[36mcommit transaction[0m
Redirected to http://localhost:3000/users/3
Completed 302 Found in 90ms (ActiveRecord: 83.5ms)


Started GET "/users/3" for 127.0.0.1 at 2017-11-03 20:06:09 +0100
Processing by UsersController#show as HTML
  Parameters: {"id"=>"3"}
  [1m[36mUser Load (0.2ms)[0m  [1m[34mSELECT  "users".* FROM "users" WHERE "users"."id" = ? LIMIT ?[0m  [["id", 3], ["LIMIT", 1]]
  Rendering users/show.html.erb within layouts/application
  Rendered users/show.html.erb within layouts/application (0.6ms)
Completed 200 OK in 55ms (Views: 53.3ms | ActiveRecord: 0.2ms)


Started POST "/users" for 127.0.0.1 at 2017-11-03 20:07:25 +0100
Processing by UsersController#create as HTML
  Parameters: {"utf8"=>"✓", "authenticity_token"=>"0Sk5I5Xftujt37lsAlZ1z+tug470w997WjOQLlbEgetn4XLjYJJxTYgwX7XBOglVlWskaZJm8P0mC5PVU7dWHg==", "user"=>{"name"=>"you@gmail.Com"}, "commit"=>"Create my account"}
  [1m[35m (0.2ms)[0m  [1m[36mbegin transaction[0m
  [1m[35mSQL (0.6ms)[0m  [1m[32mINSERT INTO "users" ("name", "created_at", "updated_at") VALUES (?, ?, ?)[0m  [["name", "you@gmail.Com"], ["created_at", "2017-11-03 19:07:25.546558"], ["updated_at", "2017-11-03 19:07:25.546558"]]
  [1m[35m (197.3ms)[0m  [1m[36mcommit transaction[0m
Redirected to http://localhost:3000/users/4
Completed 302 Found in 204ms (ActiveRecord: 198.0ms)


Started GET "/users/4" for 127.0.0.1 at 2017-11-03 20:07:25 +0100
Processing by UsersController#show as HTML
  Parameters: {"id"=>"4"}
  [1m[36mUser Load (0.2ms)[0m  [1m[34mSELECT  "users".* FROM "users" WHERE "users"."id" = ? LIMIT ?[0m  [["id", 4], ["LIMIT", 1]]
  Rendering users/show.html.erb within layouts/application
  Rendered users/show.html.erb within layouts/application (0.7ms)
Completed 200 OK in 43ms (Views: 40.2ms | ActiveRecord: 0.2ms)


Started GET "/" for 127.0.0.1 at 2017-11-03 20:08:02 +0100
Processing by Rails::WelcomeController#index as HTML
  Rendering /usr/local/rvm/gems/ruby-2.3.4/gems/railties-5.1.4/lib/rails/templates/rails/welcome/index.html.erb
  Rendered /usr/local/rvm/gems/ruby-2.3.4/gems/railties-5.1.4/lib/rails/templates/rails/welcome/index.html.erb (2.6ms)
Completed 200 OK in 6ms (Views: 4.3ms | ActiveRecord: 0.0ms)


Started GET "/" for 127.0.0.1 at 2017-11-03 20:09:43 +0100
Processing by UsersController#index as HTML
  Rendering users/index.html.erb within layouts/application
  Rendered users/index.html.erb within layouts/application (0.6ms)
Completed 200 OK in 46ms (Views: 41.9ms)


Started GET "/users/new" for 127.0.0.1 at 2017-11-03 20:10:44 +0100
Processing by UsersController#new as HTML
  Rendering users/new.html.erb within layouts/application
  Rendered users/new.html.erb within layouts/application (2.9ms)
Completed 200 OK in 64ms (Views: 44.2ms | ActiveRecord: 1.1ms)


Started GET "/" for 127.0.0.1 at 2017-11-03 20:10:58 +0100
Processing by UsersController#index as HTML
  Rendering users/index.html.erb within layouts/application
  Rendered users/index.html.erb within layouts/application (0.7ms)
Completed 200 OK in 45ms (Views: 42.8ms | ActiveRecord: 0.0ms)


Started GET "/" for 127.0.0.1 at 2017-11-03 20:11:28 +0100
Processing by UsersController#index as HTML
  Rendering users/index.html.erb within layouts/application
  Rendered users/index.html.erb within layouts/application (0.5ms)
Completed 200 OK in 43ms (Views: 42.0ms | ActiveRecord: 0.0ms)


Started GET "/" for 127.0.0.1 at 2017-11-03 20:16:48 +0100
Processing by UsersController#index as HTML
  Rendering users/index.html.erb within layouts/application
  Rendered users/index.html.erb within layouts/application (0.8ms)
Completed 200 OK in 37ms (Views: 35.2ms | ActiveRecord: 0.0ms)


Started GET "/users/new" for 127.0.0.1 at 2017-11-03 20:16:51 +0100
Processing by UsersController#new as HTML
  Rendering users/new.html.erb within layouts/application
  Rendered users/new.html.erb within layouts/application (2.2ms)
Completed 200 OK in 38ms (Views: 35.1ms | ActiveRecord: 0.0ms)


Started GET "/" for 127.0.0.1 at 2017-11-03 20:17:05 +0100
Processing by UsersController#index as HTML
  Rendering users/index.html.erb within layouts/application
  Rendered users/index.html.erb within layouts/application (0.7ms)
Completed 200 OK in 47ms (Views: 45.7ms | ActiveRecord: 0.0ms)


Started GET "/users/new" for 127.0.0.1 at 2017-11-03 20:17:09 +0100
Processing by UsersController#new as HTML
  Rendering users/new.html.erb within layouts/application
  Rendered users/new.html.erb within layouts/application (2.6ms)
Completed 200 OK in 46ms (Views: 42.9ms | ActiveRecord: 0.0ms)


Started POST "/users" for 127.0.0.1 at 2017-11-03 20:17:18 +0100
Processing by UsersController#create as HTML
  Parameters: {"utf8"=>"✓", "authenticity_token"=>"LMRHcFtRukt4uo9pQnQQht4piklmsIWWoewSuliYa2eYB7ybr55wZpgDJ7sXVdl/IWcaRkemT7GfBesMji7Vlw==", "user"=>{"name"=>"youyou@gmail.Com"}, "commit"=>"Create my account"}
  [1m[35m (0.2ms)[0m  [1m[36mbegin transaction[0m
  [1m[35mSQL (1.5ms)[0m  [1m[32mINSERT INTO "users" ("name", "created_at", "updated_at") VALUES (?, ?, ?)[0m  [["name", "youyou@gmail.Com"], ["created_at", "2017-11-03 19:17:18.127249"], ["updated_at", "2017-11-03 19:17:18.127249"]]
  [1m[35m (142.9ms)[0m  [1m[36mcommit transaction[0m
Redirected to http://localhost:3000/users/5
Completed 302 Found in 151ms (ActiveRecord: 144.6ms)


Started GET "/users/5" for 127.0.0.1 at 2017-11-03 20:17:18 +0100
Processing by UsersController#show as HTML
  Parameters: {"id"=>"5"}
  [1m[36mUser Load (0.2ms)[0m  [1m[34mSELECT  "users".* FROM "users" WHERE "users"."id" = ? LIMIT ?[0m  [["id", 5], ["LIMIT", 1]]
  Rendering users/show.html.erb within layouts/application
  Rendered users/show.html.erb within layouts/application (0.6ms)
Completed 200 OK in 42ms (Views: 38.9ms | ActiveRecord: 0.2ms)


